[10:58:48] [main/INFO]: Setting user: Player972
[10:58:54] [main/WARN]: Skipping bad option: lastServer:
[10:58:54] [main/INFO]: LWJGL Version: 2.9.4
[10:59:01] [main/INFO]: Reloading ResourceManager: Default, FMLFileResourcePack:Forge Mod Loader, FMLFileResourcePack:Minecraft Forge, FMLFileResourcePack:OPItems Mod, FMLFileResourcePack:Trial Mod
[10:59:01] [main/WARN]: ResourcePack: ignored non-lowercase namespace: TiaMods/ in C:\Users\attr2\git\TiaMod\TiaMods\bin
[10:59:01] [main/WARN]: ResourcePack: ignored non-lowercase namespace: TiaMods/ in C:\Users\attr2\git\TiaMod\TiaMods\bin
[10:59:12] [Sound Library Loader/INFO]: Starting up SoundSystem...
[10:59:13] [Thread-5/INFO]: Initializing LWJGL OpenAL
[10:59:13] [Thread-5/INFO]: (The LWJGL binding of OpenAL.  For more information, see http://www.lwjgl.org)
[10:59:13] [Thread-5/INFO]: OpenAL initialized.
[10:59:13] [Sound Library Loader/INFO]: Sound engine started
[10:59:19] [main/INFO]: Created: 512x512 textures-atlas
[10:59:22] [main/WARN]: Skipping bad option: lastServer:
[10:59:22] [main/INFO]: Narrator library for x64 successfully loaded
[10:59:23] [Realms Notification Availability checker #1/INFO]: Could not authorize you against Realms server: Invalid session id
[10:59:27] [Server thread/INFO]: Starting integrated minecraft server version 1.12.2
[10:59:27] [Server thread/INFO]: Generating keypair
[10:59:28] [Server thread/INFO]: Loaded 488 advancements
[10:59:28] [Server thread/INFO]: Preparing start region for level 0
[10:59:29] [Server thread/INFO]: Preparing spawn area: 2%
[10:59:30] [Server thread/INFO]: Preparing spawn area: 73%
[10:59:32] [Server thread/INFO]: Changing view distance to 12, from 10
[10:59:34] [Server thread/INFO]: Player972[local:E:400c29a4] logged in with entity id 400 at (-145.55708842599077, 71.0, 235.7132647165988)
[10:59:34] [Server thread/INFO]: Player972 joined the game
[10:59:36] [Server thread/INFO]: Saving and pausing game...
[10:59:36] [Server thread/INFO]: Saving chunks for level 'ADLKJFDSAKJ; FH'/overworld
[10:59:37] [pool-2-thread-1/WARN]: Couldn't look up profile properties for com.mojang.authlib.GameProfile@5f0e7df2[id=494e218c-ed3e-3c18-87a9-972128e58cab,name=Player972,properties={},legacy=false]
com.mojang.authlib.exceptions.AuthenticationException: The client has sent too many requests within a certain amount of time
	at com.mojang.authlib.yggdrasil.YggdrasilAuthenticationService.makeRequest(YggdrasilAuthenticationService.java:79) ~[YggdrasilAuthenticationService.class:?]
	at com.mojang.authlib.yggdrasil.YggdrasilMinecraftSessionService.fillGameProfile(YggdrasilMinecraftSessionService.java:180) [YggdrasilMinecraftSessionService.class:?]
	at com.mojang.authlib.yggdrasil.YggdrasilMinecraftSessionService$1.load(YggdrasilMinecraftSessionService.java:60) [YggdrasilMinecraftSessionService$1.class:?]
	at com.mojang.authlib.yggdrasil.YggdrasilMinecraftSessionService$1.load(YggdrasilMinecraftSessionService.java:57) [YggdrasilMinecraftSessionService$1.class:?]
	at com.google.common.cache.LocalCache$LoadingValueReference.loadFuture(LocalCache.java:3716) [guava-21.0.jar:?]
	at com.google.common.cache.LocalCache$Segment.loadSync(LocalCache.java:2424) [guava-21.0.jar:?]
	at com.google.common.cache.LocalCache$Segment.lockedGetOrLoad(LocalCache.java:2298) [guava-21.0.jar:?]
	at com.google.common.cache.LocalCache$Segment.get(LocalCache.java:2211) [guava-21.0.jar:?]
	at com.google.common.cache.LocalCache.get(LocalCache.java:4154) [guava-21.0.jar:?]
	at com.google.common.cache.LocalCache.getOrLoad(LocalCache.java:4158) [guava-21.0.jar:?]
	at com.google.common.cache.LocalCache$LocalLoadingCache.get(LocalCache.java:5147) [guava-21.0.jar:?]
	at com.google.common.cache.LocalCache$LocalLoadingCache.getUnchecked(LocalCache.java:5153) [guava-21.0.jar:?]
	at com.mojang.authlib.yggdrasil.YggdrasilMinecraftSessionService.fillProfileProperties(YggdrasilMinecraftSessionService.java:170) [YggdrasilMinecraftSessionService.class:?]
	at net.minecraft.client.Minecraft.getProfileProperties(Minecraft.java:3188) [Minecraft.class:?]
	at net.minecraft.client.resources.SkinManager$3.run(SkinManager.java:138) [SkinManager$3.class:?]
	at java.util.concurrent.Executors$RunnableAdapter.call(Unknown Source) [?:1.8.0_162]
	at java.util.concurrent.FutureTask.run(Unknown Source) [?:1.8.0_162]
	at java.util.concurrent.ThreadPoolExecutor.runWorker(Unknown Source) [?:1.8.0_162]
	at java.util.concurrent.ThreadPoolExecutor$Worker.run(Unknown Source) [?:1.8.0_162]
	at java.lang.Thread.run(Unknown Source) [?:1.8.0_162]
[10:59:37] [Server thread/INFO]: Saving chunks for level 'ADLKJFDSAKJ; FH'/the_nether
[10:59:37] [Server thread/INFO]: Saving chunks for level 'ADLKJFDSAKJ; FH'/the_end
[10:59:38] [Server thread/WARN]: Can't keep up! Did the system time change, or is the server overloaded? Running 2681ms behind, skipping 53 tick(s)
[10:59:41] [Server thread/INFO]: Saving and pausing game...
[10:59:41] [Server thread/INFO]: Saving chunks for level 'ADLKJFDSAKJ; FH'/overworld
[10:59:42] [Server thread/INFO]: Saving chunks for level 'ADLKJFDSAKJ; FH'/the_nether
[10:59:42] [Server thread/INFO]: Saving chunks for level 'ADLKJFDSAKJ; FH'/the_end
[10:59:56] [main/WARN]: Failed to load texture: trialmod:textures/entity/monster.png
java.io.FileNotFoundException: trialmod:textures/entity/monster.png
	at net.minecraft.client.resources.FallbackResourceManager.getResource(FallbackResourceManager.java:69) ~[FallbackResourceManager.class:?]
	at net.minecraft.client.resources.SimpleReloadableResourceManager.getResource(SimpleReloadableResourceManager.java:65) ~[SimpleReloadableResourceManager.class:?]
	at net.minecraft.client.renderer.texture.SimpleTexture.loadTexture(SimpleTexture.java:34) ~[SimpleTexture.class:?]
	at net.minecraft.client.renderer.texture.TextureManager.loadTexture(TextureManager.java:69) [TextureManager.class:?]
	at net.minecraft.client.renderer.texture.TextureManager.bindTexture(TextureManager.java:44) [TextureManager.class:?]
	at net.minecraft.client.renderer.entity.Render.bindTexture(Render.java:130) [Render.class:?]
	at net.minecraft.client.renderer.entity.Render.bindEntityTexture(Render.java:123) [Render.class:?]
	at net.minecraft.client.renderer.entity.RenderLivingBase.renderModel(RenderLivingBase.java:251) [RenderLivingBase.class:?]
	at net.minecraft.client.renderer.entity.RenderLivingBase.doRender(RenderLivingBase.java:183) [RenderLivingBase.class:?]
	at net.minecraft.client.renderer.entity.RenderLiving.doRender(RenderLiving.java:51) [RenderLiving.class:?]
	at net.minecraft.client.renderer.entity.RenderLiving.doRender(RenderLiving.java:16) [RenderLiving.class:?]
	at net.minecraft.client.renderer.entity.RenderManager.renderEntity(RenderManager.java:390) [RenderManager.class:?]
	at net.minecraft.client.renderer.entity.RenderManager.renderEntityStatic(RenderManager.java:374) [RenderManager.class:?]
	at net.minecraft.client.renderer.RenderGlobal.renderEntities(RenderGlobal.java:655) [RenderGlobal.class:?]
	at net.minecraft.client.renderer.EntityRenderer.renderWorldPass(EntityRenderer.java:1398) [EntityRenderer.class:?]
	at net.minecraft.client.renderer.EntityRenderer.renderWorld(EntityRenderer.java:1312) [EntityRenderer.class:?]
	at net.minecraft.client.renderer.EntityRenderer.updateCameraAndRender(EntityRenderer.java:1115) [EntityRenderer.class:?]
	at net.minecraft.client.Minecraft.runGameLoop(Minecraft.java:1207) [Minecraft.class:?]
	at net.minecraft.client.Minecraft.run(Minecraft.java:441) [Minecraft.class:?]
	at net.minecraft.client.main.Main.main(Main.java:118) [Main.class:?]
	at sun.reflect.NativeMethodAccessorImpl.invoke0(Native Method) ~[?:1.8.0_162]
	at sun.reflect.NativeMethodAccessorImpl.invoke(Unknown Source) ~[?:1.8.0_162]
	at sun.reflect.DelegatingMethodAccessorImpl.invoke(Unknown Source) ~[?:1.8.0_162]
	at java.lang.reflect.Method.invoke(Unknown Source) ~[?:1.8.0_162]
	at net.minecraft.launchwrapper.Launch.launch(Launch.java:135) [launchwrapper-1.12.jar:?]
	at net.minecraft.launchwrapper.Launch.main(Launch.java:28) [launchwrapper-1.12.jar:?]
	at sun.reflect.NativeMethodAccessorImpl.invoke0(Native Method) ~[?:1.8.0_162]
	at sun.reflect.NativeMethodAccessorImpl.invoke(Unknown Source) ~[?:1.8.0_162]
	at sun.reflect.DelegatingMethodAccessorImpl.invoke(Unknown Source) ~[?:1.8.0_162]
	at java.lang.reflect.Method.invoke(Unknown Source) ~[?:1.8.0_162]
	at net.minecraftforge.gradle.GradleStartCommon.launch(GradleStartCommon.java:97) [start/:?]
	at GradleStart.main(GradleStart.java:26) [start/:?]
[10:59:59] [main/INFO]: Loaded 9 advancements
[11:00:00] [main/INFO]: Loaded 15 advancements
[11:00:18] [Server thread/INFO]: Saving and pausing game...
[11:00:18] [Server thread/INFO]: Saving chunks for level 'ADLKJFDSAKJ; FH'/overworld
[11:00:19] [Server thread/INFO]: Saving chunks for level 'ADLKJFDSAKJ; FH'/the_nether
[11:00:19] [Server thread/INFO]: Saving chunks for level 'ADLKJFDSAKJ; FH'/the_end
[11:00:31] [Server thread/INFO]: Saving and pausing game...
[11:00:32] [Server thread/INFO]: Saving chunks for level 'ADLKJFDSAKJ; FH'/overworld
[11:00:32] [Server thread/INFO]: Saving chunks for level 'ADLKJFDSAKJ; FH'/the_nether
[11:00:32] [Server thread/INFO]: Saving chunks for level 'ADLKJFDSAKJ; FH'/the_end
