[11:59:55] [main/INFO]: Setting user: Player224
[12:00:01] [main/INFO]: LWJGL Version: 2.9.4
[12:00:07] [main/INFO]: Reloading ResourceManager: Default, FMLFileResourcePack:Forge Mod Loader, FMLFileResourcePack:Minecraft Forge, FMLFileResourcePack:OPItems Mod, FMLFileResourcePack:Trial Mod
[12:00:07] [main/WARN]: ResourcePack: ignored non-lowercase namespace: TiaMods/ in C:\Users\attr2\git\TiaMod\TiaMods\bin
[12:00:07] [main/WARN]: ResourcePack: ignored non-lowercase namespace: TiaMods/ in C:\Users\attr2\git\TiaMod\TiaMods\bin
[12:00:22] [Sound Library Loader/INFO]: Starting up SoundSystem...
[12:00:23] [Thread-5/INFO]: Initializing LWJGL OpenAL
[12:00:23] [Thread-5/INFO]: (The LWJGL binding of OpenAL.  For more information, see http://www.lwjgl.org)
[12:00:23] [Thread-5/INFO]: OpenAL initialized.
[12:00:23] [Sound Library Loader/INFO]: Sound engine started
[12:00:33] [main/INFO]: Created: 512x512 textures-atlas
[12:00:38] [main/INFO]: Narrator library for x64 successfully loaded
[12:00:41] [Realms Notification Availability checker #1/INFO]: Could not authorize you against Realms server: Invalid session id
[12:01:32] [Server thread/INFO]: Starting integrated minecraft server version 1.12.2
[12:01:32] [Server thread/INFO]: Generating keypair
[12:01:34] [Server thread/INFO]: Loaded 488 advancements
[12:01:35] [Server thread/INFO]: Preparing start region for level 0
[12:01:36] [Server thread/INFO]: Preparing spawn area: 5%
[12:01:37] [Server thread/INFO]: Preparing spawn area: 8%
[12:01:38] [Server thread/INFO]: Preparing spawn area: 13%
[12:01:39] [Server thread/INFO]: Preparing spawn area: 18%
[12:01:40] [Server thread/INFO]: Preparing spawn area: 23%
[12:01:41] [Server thread/INFO]: Preparing spawn area: 30%
[12:01:42] [Server thread/INFO]: Preparing spawn area: 36%
[12:01:43] [Server thread/INFO]: Preparing spawn area: 43%
[12:01:44] [Server thread/INFO]: Preparing spawn area: 50%
[12:01:45] [Server thread/INFO]: Preparing spawn area: 60%
[12:01:46] [Server thread/INFO]: Preparing spawn area: 68%
[12:01:47] [Server thread/INFO]: Preparing spawn area: 79%
[12:01:48] [Server thread/INFO]: Preparing spawn area: 89%
[12:01:49] [Server thread/INFO]: Preparing spawn area: 99%
[12:01:50] [Server thread/INFO]: Changing view distance to 12, from 10
[12:01:52] [Server thread/INFO]: Player224[local:E:f786ade9] logged in with entity id 2964 at (-67.5, 71.0, 260.5)
[12:01:52] [Server thread/INFO]: Player224 joined the game
[12:01:54] [pool-2-thread-1/WARN]: Couldn't look up profile properties for com.mojang.authlib.GameProfile@5619c34b[id=83f835f2-20fa-325d-8039-400fcc96db8c,name=Player224,properties={},legacy=false]
com.mojang.authlib.exceptions.AuthenticationException: The client has sent too many requests within a certain amount of time
	at com.mojang.authlib.yggdrasil.YggdrasilAuthenticationService.makeRequest(YggdrasilAuthenticationService.java:79) ~[YggdrasilAuthenticationService.class:?]
	at com.mojang.authlib.yggdrasil.YggdrasilMinecraftSessionService.fillGameProfile(YggdrasilMinecraftSessionService.java:180) [YggdrasilMinecraftSessionService.class:?]
	at com.mojang.authlib.yggdrasil.YggdrasilMinecraftSessionService$1.load(YggdrasilMinecraftSessionService.java:60) [YggdrasilMinecraftSessionService$1.class:?]
	at com.mojang.authlib.yggdrasil.YggdrasilMinecraftSessionService$1.load(YggdrasilMinecraftSessionService.java:57) [YggdrasilMinecraftSessionService$1.class:?]
	at com.google.common.cache.LocalCache$LoadingValueReference.loadFuture(LocalCache.java:3716) [guava-21.0.jar:?]
	at com.google.common.cache.LocalCache$Segment.loadSync(LocalCache.java:2424) [guava-21.0.jar:?]
	at com.google.common.cache.LocalCache$Segment.lockedGetOrLoad(LocalCache.java:2298) [guava-21.0.jar:?]
	at com.google.common.cache.LocalCache$Segment.get(LocalCache.java:2211) [guava-21.0.jar:?]
	at com.google.common.cache.LocalCache.get(LocalCache.java:4154) [guava-21.0.jar:?]
	at com.google.common.cache.LocalCache.getOrLoad(LocalCache.java:4158) [guava-21.0.jar:?]
	at com.google.common.cache.LocalCache$LocalLoadingCache.get(LocalCache.java:5147) [guava-21.0.jar:?]
	at com.google.common.cache.LocalCache$LocalLoadingCache.getUnchecked(LocalCache.java:5153) [guava-21.0.jar:?]
	at com.mojang.authlib.yggdrasil.YggdrasilMinecraftSessionService.fillProfileProperties(YggdrasilMinecraftSessionService.java:170) [YggdrasilMinecraftSessionService.class:?]
	at net.minecraft.client.Minecraft.getProfileProperties(Minecraft.java:3188) [Minecraft.class:?]
	at net.minecraft.client.resources.SkinManager$3.run(SkinManager.java:138) [SkinManager$3.class:?]
	at java.util.concurrent.Executors$RunnableAdapter.call(Unknown Source) [?:1.8.0_162]
	at java.util.concurrent.FutureTask.run(Unknown Source) [?:1.8.0_162]
	at java.util.concurrent.ThreadPoolExecutor.runWorker(Unknown Source) [?:1.8.0_162]
	at java.util.concurrent.ThreadPoolExecutor$Worker.run(Unknown Source) [?:1.8.0_162]
	at java.lang.Thread.run(Unknown Source) [?:1.8.0_162]
[12:02:00] [Server thread/WARN]: Can't keep up! Did the system time change, or is the server overloaded? Running 9433ms behind, skipping 188 tick(s)
[12:02:05] [Server thread/INFO]: [Player224: Set the time to 1000]
[12:02:05] [main/INFO]: [CHAT] Set the time to 1000
[12:02:12] [Server thread/WARN]: Can't keep up! Did the system time change, or is the server overloaded? Running 3277ms behind, skipping 65 tick(s)
[12:02:23] [main/WARN]: Failed to load texture: trialmod:textures/entity/monster.png
java.io.FileNotFoundException: trialmod:textures/entity/monster.png
	at net.minecraft.client.resources.FallbackResourceManager.getResource(FallbackResourceManager.java:69) ~[FallbackResourceManager.class:?]
	at net.minecraft.client.resources.SimpleReloadableResourceManager.getResource(SimpleReloadableResourceManager.java:65) ~[SimpleReloadableResourceManager.class:?]
	at net.minecraft.client.renderer.texture.SimpleTexture.loadTexture(SimpleTexture.java:34) ~[SimpleTexture.class:?]
	at net.minecraft.client.renderer.texture.TextureManager.loadTexture(TextureManager.java:69) [TextureManager.class:?]
	at net.minecraft.client.renderer.texture.TextureManager.bindTexture(TextureManager.java:44) [TextureManager.class:?]
	at net.minecraft.client.renderer.entity.Render.bindTexture(Render.java:130) [Render.class:?]
	at net.minecraft.client.renderer.entity.Render.bindEntityTexture(Render.java:123) [Render.class:?]
	at net.minecraft.client.renderer.entity.RenderLivingBase.renderModel(RenderLivingBase.java:251) [RenderLivingBase.class:?]
	at net.minecraft.client.renderer.entity.RenderLivingBase.doRender(RenderLivingBase.java:183) [RenderLivingBase.class:?]
	at net.minecraft.client.renderer.entity.RenderLiving.doRender(RenderLiving.java:51) [RenderLiving.class:?]
	at net.minecraft.client.renderer.entity.RenderLiving.doRender(RenderLiving.java:16) [RenderLiving.class:?]
	at net.minecraft.client.renderer.entity.RenderManager.renderEntity(RenderManager.java:390) [RenderManager.class:?]
	at net.minecraft.client.renderer.entity.RenderManager.renderEntityStatic(RenderManager.java:374) [RenderManager.class:?]
	at net.minecraft.client.renderer.RenderGlobal.renderEntities(RenderGlobal.java:655) [RenderGlobal.class:?]
	at net.minecraft.client.renderer.EntityRenderer.renderWorldPass(EntityRenderer.java:1398) [EntityRenderer.class:?]
	at net.minecraft.client.renderer.EntityRenderer.renderWorld(EntityRenderer.java:1312) [EntityRenderer.class:?]
	at net.minecraft.client.renderer.EntityRenderer.updateCameraAndRender(EntityRenderer.java:1115) [EntityRenderer.class:?]
	at net.minecraft.client.Minecraft.runGameLoop(Minecraft.java:1207) [Minecraft.class:?]
	at net.minecraft.client.Minecraft.run(Minecraft.java:441) [Minecraft.class:?]
	at net.minecraft.client.main.Main.main(Main.java:118) [Main.class:?]
	at sun.reflect.NativeMethodAccessorImpl.invoke0(Native Method) ~[?:1.8.0_162]
	at sun.reflect.NativeMethodAccessorImpl.invoke(Unknown Source) ~[?:1.8.0_162]
	at sun.reflect.DelegatingMethodAccessorImpl.invoke(Unknown Source) ~[?:1.8.0_162]
	at java.lang.reflect.Method.invoke(Unknown Source) ~[?:1.8.0_162]
	at net.minecraft.launchwrapper.Launch.launch(Launch.java:135) [launchwrapper-1.12.jar:?]
	at net.minecraft.launchwrapper.Launch.main(Launch.java:28) [launchwrapper-1.12.jar:?]
	at sun.reflect.NativeMethodAccessorImpl.invoke0(Native Method) ~[?:1.8.0_162]
	at sun.reflect.NativeMethodAccessorImpl.invoke(Unknown Source) ~[?:1.8.0_162]
	at sun.reflect.DelegatingMethodAccessorImpl.invoke(Unknown Source) ~[?:1.8.0_162]
	at java.lang.reflect.Method.invoke(Unknown Source) ~[?:1.8.0_162]
	at net.minecraftforge.gradle.GradleStartCommon.launch(GradleStartCommon.java:97) [start/:?]
	at GradleStart.main(GradleStart.java:26) [start/:?]
[12:02:25] [main/WARN]: Failed to load texture: trialmod:textures/entity/ant.png
java.io.FileNotFoundException: trialmod:textures/entity/ant.png
	at net.minecraft.client.resources.FallbackResourceManager.getResource(FallbackResourceManager.java:69) ~[FallbackResourceManager.class:?]
	at net.minecraft.client.resources.SimpleReloadableResourceManager.getResource(SimpleReloadableResourceManager.java:65) ~[SimpleReloadableResourceManager.class:?]
	at net.minecraft.client.renderer.texture.SimpleTexture.loadTexture(SimpleTexture.java:34) ~[SimpleTexture.class:?]
	at net.minecraft.client.renderer.texture.TextureManager.loadTexture(TextureManager.java:69) [TextureManager.class:?]
	at net.minecraft.client.renderer.texture.TextureManager.bindTexture(TextureManager.java:44) [TextureManager.class:?]
	at net.minecraft.client.renderer.entity.Render.bindTexture(Render.java:130) [Render.class:?]
	at net.minecraft.client.renderer.entity.Render.bindEntityTexture(Render.java:123) [Render.class:?]
	at net.minecraft.client.renderer.entity.RenderLivingBase.renderModel(RenderLivingBase.java:251) [RenderLivingBase.class:?]
	at net.minecraft.client.renderer.entity.RenderLivingBase.doRender(RenderLivingBase.java:183) [RenderLivingBase.class:?]
	at net.minecraft.client.renderer.entity.RenderLiving.doRender(RenderLiving.java:51) [RenderLiving.class:?]
	at net.minecraft.client.renderer.entity.RenderLiving.doRender(RenderLiving.java:16) [RenderLiving.class:?]
	at net.minecraft.client.renderer.entity.RenderManager.renderEntity(RenderManager.java:390) [RenderManager.class:?]
	at net.minecraft.client.renderer.entity.RenderManager.renderEntityStatic(RenderManager.java:374) [RenderManager.class:?]
	at net.minecraft.client.renderer.RenderGlobal.renderEntities(RenderGlobal.java:655) [RenderGlobal.class:?]
	at net.minecraft.client.renderer.EntityRenderer.renderWorldPass(EntityRenderer.java:1398) [EntityRenderer.class:?]
	at net.minecraft.client.renderer.EntityRenderer.renderWorld(EntityRenderer.java:1312) [EntityRenderer.class:?]
	at net.minecraft.client.renderer.EntityRenderer.updateCameraAndRender(EntityRenderer.java:1115) [EntityRenderer.class:?]
	at net.minecraft.client.Minecraft.runGameLoop(Minecraft.java:1207) [Minecraft.class:?]
	at net.minecraft.client.Minecraft.run(Minecraft.java:441) [Minecraft.class:?]
	at net.minecraft.client.main.Main.main(Main.java:118) [Main.class:?]
	at sun.reflect.NativeMethodAccessorImpl.invoke0(Native Method) ~[?:1.8.0_162]
	at sun.reflect.NativeMethodAccessorImpl.invoke(Unknown Source) ~[?:1.8.0_162]
	at sun.reflect.DelegatingMethodAccessorImpl.invoke(Unknown Source) ~[?:1.8.0_162]
	at java.lang.reflect.Method.invoke(Unknown Source) ~[?:1.8.0_162]
	at net.minecraft.launchwrapper.Launch.launch(Launch.java:135) [launchwrapper-1.12.jar:?]
	at net.minecraft.launchwrapper.Launch.main(Launch.java:28) [launchwrapper-1.12.jar:?]
	at sun.reflect.NativeMethodAccessorImpl.invoke0(Native Method) ~[?:1.8.0_162]
	at sun.reflect.NativeMethodAccessorImpl.invoke(Unknown Source) ~[?:1.8.0_162]
	at sun.reflect.DelegatingMethodAccessorImpl.invoke(Unknown Source) ~[?:1.8.0_162]
	at java.lang.reflect.Method.invoke(Unknown Source) ~[?:1.8.0_162]
	at net.minecraftforge.gradle.GradleStartCommon.launch(GradleStartCommon.java:97) [start/:?]
	at GradleStart.main(GradleStart.java:26) [start/:?]
[12:02:27] [main/WARN]: Failed to load texture: trialmod:textures/entity/bear.png
java.io.FileNotFoundException: trialmod:textures/entity/bear.png
	at net.minecraft.client.resources.FallbackResourceManager.getResource(FallbackResourceManager.java:69) ~[FallbackResourceManager.class:?]
	at net.minecraft.client.resources.SimpleReloadableResourceManager.getResource(SimpleReloadableResourceManager.java:65) ~[SimpleReloadableResourceManager.class:?]
	at net.minecraft.client.renderer.texture.SimpleTexture.loadTexture(SimpleTexture.java:34) ~[SimpleTexture.class:?]
	at net.minecraft.client.renderer.texture.TextureManager.loadTexture(TextureManager.java:69) [TextureManager.class:?]
	at net.minecraft.client.renderer.texture.TextureManager.bindTexture(TextureManager.java:44) [TextureManager.class:?]
	at net.minecraft.client.renderer.entity.Render.bindTexture(Render.java:130) [Render.class:?]
	at net.minecraft.client.renderer.entity.Render.bindEntityTexture(Render.java:123) [Render.class:?]
	at net.minecraft.client.renderer.entity.RenderLivingBase.renderModel(RenderLivingBase.java:251) [RenderLivingBase.class:?]
	at net.minecraft.client.renderer.entity.RenderLivingBase.doRender(RenderLivingBase.java:183) [RenderLivingBase.class:?]
	at net.minecraft.client.renderer.entity.RenderLiving.doRender(RenderLiving.java:51) [RenderLiving.class:?]
	at net.minecraft.client.renderer.entity.RenderLiving.doRender(RenderLiving.java:16) [RenderLiving.class:?]
	at net.minecraft.client.renderer.entity.RenderManager.renderEntity(RenderManager.java:390) [RenderManager.class:?]
	at net.minecraft.client.renderer.entity.RenderManager.renderEntityStatic(RenderManager.java:374) [RenderManager.class:?]
	at net.minecraft.client.renderer.RenderGlobal.renderEntities(RenderGlobal.java:655) [RenderGlobal.class:?]
	at net.minecraft.client.renderer.EntityRenderer.renderWorldPass(EntityRenderer.java:1398) [EntityRenderer.class:?]
	at net.minecraft.client.renderer.EntityRenderer.renderWorld(EntityRenderer.java:1312) [EntityRenderer.class:?]
	at net.minecraft.client.renderer.EntityRenderer.updateCameraAndRender(EntityRenderer.java:1115) [EntityRenderer.class:?]
	at net.minecraft.client.Minecraft.runGameLoop(Minecraft.java:1207) [Minecraft.class:?]
	at net.minecraft.client.Minecraft.run(Minecraft.java:441) [Minecraft.class:?]
	at net.minecraft.client.main.Main.main(Main.java:118) [Main.class:?]
	at sun.reflect.NativeMethodAccessorImpl.invoke0(Native Method) ~[?:1.8.0_162]
	at sun.reflect.NativeMethodAccessorImpl.invoke(Unknown Source) ~[?:1.8.0_162]
	at sun.reflect.DelegatingMethodAccessorImpl.invoke(Unknown Source) ~[?:1.8.0_162]
	at java.lang.reflect.Method.invoke(Unknown Source) ~[?:1.8.0_162]
	at net.minecraft.launchwrapper.Launch.launch(Launch.java:135) [launchwrapper-1.12.jar:?]
	at net.minecraft.launchwrapper.Launch.main(Launch.java:28) [launchwrapper-1.12.jar:?]
	at sun.reflect.NativeMethodAccessorImpl.invoke0(Native Method) ~[?:1.8.0_162]
	at sun.reflect.NativeMethodAccessorImpl.invoke(Unknown Source) ~[?:1.8.0_162]
	at sun.reflect.DelegatingMethodAccessorImpl.invoke(Unknown Source) ~[?:1.8.0_162]
	at java.lang.reflect.Method.invoke(Unknown Source) ~[?:1.8.0_162]
	at net.minecraftforge.gradle.GradleStartCommon.launch(GradleStartCommon.java:97) [start/:?]
	at GradleStart.main(GradleStart.java:26) [start/:?]
[12:02:28] [Server thread/WARN]: Can't keep up! Did the system time change, or is the server overloaded? Running 2883ms behind, skipping 57 tick(s)
[12:02:36] [Server thread/INFO]: Saving and pausing game...
[12:02:36] [Server thread/INFO]: Saving chunks for level 'ADLKJFDSAKJ; FH'/overworld
[12:02:36] [Server thread/INFO]: Saving chunks for level 'ADLKJFDSAKJ; FH'/the_nether
[12:02:36] [Server thread/INFO]: Saving chunks for level 'ADLKJFDSAKJ; FH'/the_end
[12:02:36] [Server thread/INFO]: Stopping server
[12:02:36] [Server thread/INFO]: Saving players
[12:02:36] [Server thread/INFO]: Player224 lost connection: Disconnected
[12:02:36] [Server thread/INFO]: Player224 left the game
[12:02:36] [Server thread/INFO]: Stopping singleplayer server as player logged out
[12:02:36] [Server thread/INFO]: Saving worlds
[12:02:36] [Server thread/INFO]: Saving chunks for level 'ADLKJFDSAKJ; FH'/overworld
[12:02:36] [Server thread/INFO]: Saving chunks for level 'ADLKJFDSAKJ; FH'/the_nether
[12:02:36] [Server thread/INFO]: Saving chunks for level 'ADLKJFDSAKJ; FH'/the_end
[12:02:39] [main/INFO]: Stopping!
[12:02:39] [main/INFO]: SoundSystem shutting down...
[12:02:39] [main/WARN]: Author: Paul Lamb, www.paulscode.com
